<?xml version="1.0" encoding="UTF-8"?>
<!-- Generated by org.testng.reporters.JUnitXMLReporter -->
<testsuite hostname="DESKTOP-96NNTLC" ignored="0" tests="3" failures="0" timestamp="2022-11-16T22:44:23 IST" time="1.252" errors="0">
  <testcase name="getDataProvider" time="0.009" classname="TestNGandExcelDataDriven"/>
  <testcase name="getDataProvider" time="0.002" classname="TestNGandExcelDataDriven"/>
  <testcase name="getDataProvider" time="0.001" classname="TestNGandExcelDataDriven"/>
</testsuite>
