<?xml version="1.0" encoding="UTF-8"?>
<testng-results skipped="0" failed="0" ignored="0" total="3" passed="3">
  <reporter-output>
  </reporter-output>
  <suite name="Default suite" duration-ms="1252" started-at="2022-11-16T22:44:22 IST" finished-at="2022-11-16T22:44:23 IST">
    <groups>
    </groups>
    <test name="Default test" duration-ms="1252" started-at="2022-11-16T22:44:22 IST" finished-at="2022-11-16T22:44:23 IST">
      <class name="TestNGandExcelDataDriven">
        <test-method status="PASS" signature="getDataProvider(java.lang.String,java.lang.String,java.lang.String)[pri:0, instance:TestNGandExcelDataDriven@8e24743]" name="getDataProvider" duration-ms="9" started-at="2022-11-16T22:44:23 IST" data-provider="dataDriven" finished-at="2022-11-16T22:44:23 IST">
          <params>
            <param index="0">
              <value>
                <![CDATA[hello]]>
              </value>
            </param>
            <param index="1">
              <value>
                <![CDATA[text]]>
              </value>
            </param>
            <param index="2">
              <value>
                <![CDATA[123]]>
              </value>
            </param>
          </params>
          <reporter-output>
          </reporter-output>
        </test-method> <!-- getDataProvider -->
        <test-method status="PASS" signature="getDataProvider(java.lang.String,java.lang.String,java.lang.String)[pri:0, instance:TestNGandExcelDataDriven@8e24743]" name="getDataProvider" duration-ms="2" started-at="2022-11-16T22:44:23 IST" data-provider="dataDriven" finished-at="2022-11-16T22:44:23 IST">
          <params>
            <param index="0">
              <value>
                <![CDATA[bye]]>
              </value>
            </param>
            <param index="1">
              <value>
                <![CDATA[message]]>
              </value>
            </param>
            <param index="2">
              <value>
                <![CDATA[143]]>
              </value>
            </param>
          </params>
          <reporter-output>
          </reporter-output>
        </test-method> <!-- getDataProvider -->
        <test-method status="PASS" signature="getDataProvider(java.lang.String,java.lang.String,java.lang.String)[pri:0, instance:TestNGandExcelDataDriven@8e24743]" name="getDataProvider" duration-ms="1" started-at="2022-11-16T22:44:23 IST" data-provider="dataDriven" finished-at="2022-11-16T22:44:23 IST">
          <params>
            <param index="0">
              <value>
                <![CDATA[solo]]>
              </value>
            </param>
            <param index="1">
              <value>
                <![CDATA[call]]>
              </value>
            </param>
            <param index="2">
              <value>
                <![CDATA[457]]>
              </value>
            </param>
          </params>
          <reporter-output>
          </reporter-output>
        </test-method> <!-- getDataProvider -->
      </class> <!-- TestNGandExcelDataDriven -->
    </test> <!-- Default test -->
  </suite> <!-- Default suite -->
</testng-results>
